<?xml version="1.0" encoding="UTF-8"?>
<!-- Generated by org.testng.reporters.JUnitXMLReporter -->
<testsuite ignored="2" hostname="DESKTOP-OL40KAM" failures="1" tests="2" name="parameter" time="108.699" errors="0" timestamp="07 Dec 2021 17:48:10 GMT">
  <testcase classname="org.demo.TestngDemo2" name="mobile1" time="13.684">
    <failure type="org.openqa.selenium.ElementClickInterceptedException" message="element click intercepted: Element &amp;lt;div class=&amp;quot;_4rR01T&amp;quot;&amp;gt;...&amp;lt;/div&amp;gt; is not clickable at point (771, 213). Other element would receive the click: &amp;lt;a title=&amp;quot;...&amp;quot; class=&amp;quot;_3QN6WI&amp;quot; href=&amp;quot;/theliterature-fiction-store?otracker=nmenu_sub_Sports%2C%20Books%20%26%20More_0_Literature%20%26%20Fiction&amp;quot;&amp;gt;Literature &amp;amp;amp; Fiction&amp;lt;/a&amp;gt;
  (Session info: chrome=96.0.4664.45)
Build info: version: &amp;apos;3.141.59&amp;apos;, revision: &amp;apos;e82be7d358&amp;apos;, time: &amp;apos;2018-11-14T08:17:03&amp;apos;
System info: host: &amp;apos;DESKTOP-OL40KAM&amp;apos;, ip: &amp;apos;192.168.43.198&amp;apos;, os.name: &amp;apos;Windows 10&amp;apos;, os.arch: &amp;apos;amd64&amp;apos;, os.version: &amp;apos;10.0&amp;apos;, java.version: &amp;apos;17&amp;apos;
Driver info: org.openqa.selenium.chrome.ChromeDriver
Capabilities {acceptInsecureCerts: false, browserName: chrome, browserVersion: 96.0.4664.45, chrome: {chromedriverVersion: 96.0.4664.45 (76e4c1bb2ab46..., userDataDir: C:\Users\MANIKA~1\AppData\L...}, goog:chromeOptions: {debuggerAddress: localhost:63013}, javascriptEnabled: true, networkConnectionEnabled: false, pageLoadStrategy: normal, platform: WINDOWS, platformName: WINDOWS, proxy: Proxy(), setWindowRect: true, strictFileInteractability: false, timeouts: {implicit: 0, pageLoad: 300000, script: 30000}, unhandledPromptBehavior: dismiss and notify, webauthn:extension:credBlob: true, webauthn:extension:largeBlob: true, webauthn:virtualAuthenticators: true}
Session ID: 818c465cadf0b51960f6e99463603ca6">
      <![CDATA[org.openqa.selenium.ElementClickInterceptedException: element click intercepted: Element <div class="_4rR01T">...</div> is not clickable at point (771, 213). Other element would receive the click: <a title="..." class="_3QN6WI" href="/theliterature-fiction-store?otracker=nmenu_sub_Sports%2C%20Books%20%26%20More_0_Literature%20%26%20Fiction">Literature &amp; Fiction</a>  (Session info: chrome=96.0.4664.45)Build info: version: '3.141.59', revision: 'e82be7d358', time: '2018-11-14T08:17:03'System info: host: 'DESKTOP-OL40KAM', ip: '192.168.43.198', os.name: 'Windows 10', os.arch: 'amd64', os.version: '10.0', java.version: '17'Driver info: org.openqa.selenium.chrome.ChromeDriverCapabilities {acceptInsecureCerts: false, browserName: chrome, browserVersion: 96.0.4664.45, chrome: {chromedriverVersion: 96.0.4664.45 (76e4c1bb2ab46..., userDataDir: C:\Users\MANIKA~1\AppData\L...}, goog:chromeOptions: {debuggerAddress: localhost:63013}, javascriptEnabled: true, networkConnectionEnabled: false, pageLoadStrategy: normal, platform: WINDOWS, platformName: WINDOWS, proxy: Proxy(), setWindowRect: true, strictFileInteractability: false, timeouts: {implicit: 0, pageLoad: 300000, script: 30000}, unhandledPromptBehavior: dismiss and notify, webauthn:extension:credBlob: true, webauthn:extension:largeBlob: true, webauthn:virtualAuthenticators: true}Session ID: 818c465cadf0b51960f6e99463603ca6at org.openqa.selenium.remote.http.W3CHttpResponseCodec.createException(W3CHttpResponseCodec.java:187)at org.openqa.selenium.remote.http.W3CHttpResponseCodec.decode(W3CHttpResponseCodec.java:122)at org.openqa.selenium.remote.http.W3CHttpResponseCodec.decode(W3CHttpResponseCodec.java:49)at org.openqa.selenium.remote.HttpCommandExecutor.execute(HttpCommandExecutor.java:158)at org.openqa.selenium.remote.service.DriverCommandExecutor.execute(DriverCommandExecutor.java:83)at org.openqa.selenium.remote.RemoteWebDriver.execute(RemoteWebDriver.java:552)at org.openqa.selenium.remote.RemoteWebElement.execute(RemoteWebElement.java:285)at org.openqa.selenium.remote.RemoteWebElement.click(RemoteWebElement.java:84)at org.demo.TestngDemo2.mobile1(TestngDemo2.java:70)... Removed 30 stack frames]]>
    </failure>
  </testcase> <!-- mobile1 -->
  <testcase classname="org.demo.DemoTestng" name="login" time="6.669"/>
  <testcase classname="org.demo.TestngDemo2" name="mobile3" time="0.0">
    <ignored/>
  </testcase> <!-- mobile3 -->
  <testcase classname="org.demo.DemoTestng" name="click" time="0.0">
    <ignored/>
  </testcase> <!-- click -->
</testsuite> <!-- parameter -->
